Determining if the pthread_create exist failed with the following output:
Change Dir: /home/boocax/UstarService/build/CMakeFiles/CMakeTmp

Run Build Command:"/usr/bin/make" "cmTC_0f967/fast"
/usr/bin/make -f CMakeFiles/cmTC_0f967.dir/build.make CMakeFiles/cmTC_0f967.dir/build
make[1]: Entering directory '/home/boocax/UstarService/build/CMakeFiles/CMakeTmp'
Building C object CMakeFiles/cmTC_0f967.dir/CheckSymbolExists.c.o
/usr/bin/cc     -o CMakeFiles/cmTC_0f967.dir/CheckSymbolExists.c.o   -c /home/boocax/UstarService/build/CMakeFiles/CMakeTmp/CheckSymbolExists.c
Linking C executable cmTC_0f967
/usr/bin/cmake -E cmake_link_script CMakeFiles/cmTC_0f967.dir/link.txt --verbose=1
/usr/bin/cc       CMakeFiles/cmTC_0f967.dir/CheckSymbolExists.c.o  -o cmTC_0f967 -rdynamic 
CMakeFiles/cmTC_0f967.dir/CheckSymbolExists.c.o：在函数‘main’中：
CheckSymbolExists.c:(.text+0x16)：对‘pthread_create’未定义的引用
collect2: error: ld returned 1 exit status
CMakeFiles/cmTC_0f967.dir/build.make:97: recipe for target 'cmTC_0f967' failed
make[1]: *** [cmTC_0f967] Error 1
make[1]: Leaving directory '/home/boocax/UstarService/build/CMakeFiles/CMakeTmp'
Makefile:126: recipe for target 'cmTC_0f967/fast' failed
make: *** [cmTC_0f967/fast] Error 2

File /home/boocax/UstarService/build/CMakeFiles/CMakeTmp/CheckSymbolExists.c:
/* */
#include <pthread.h>

int main(int argc, char** argv)
{
  (void)argv;
#ifndef pthread_create
  return ((int*)(&pthread_create))[argc];
#else
  (void)argc;
  return 0;
#endif
}

Determining if the function pthread_create exists in the pthreads failed with the following output:
Change Dir: /home/boocax/UstarService/build/CMakeFiles/CMakeTmp

Run Build Command:"/usr/bin/make" "cmTC_37591/fast"
/usr/bin/make -f CMakeFiles/cmTC_37591.dir/build.make CMakeFiles/cmTC_37591.dir/build
make[1]: Entering directory '/home/boocax/UstarService/build/CMakeFiles/CMakeTmp'
Building C object CMakeFiles/cmTC_37591.dir/CheckFunctionExists.c.o
/usr/bin/cc    -DCHECK_FUNCTION_EXISTS=pthread_create   -o CMakeFiles/cmTC_37591.dir/CheckFunctionExists.c.o   -c /usr/share/cmake-3.5/Modules/CheckFunctionExists.c
Linking C executable cmTC_37591
/usr/bin/cmake -E cmake_link_script CMakeFiles/cmTC_37591.dir/link.txt --verbose=1
/usr/bin/cc   -DCHECK_FUNCTION_EXISTS=pthread_create    CMakeFiles/cmTC_37591.dir/CheckFunctionExists.c.o  -o cmTC_37591 -rdynamic -lpthreads 
/usr/bin/ld: 找不到 -lpthreads
collect2: error: ld returned 1 exit status
CMakeFiles/cmTC_37591.dir/build.make:97: recipe for target 'cmTC_37591' failed
make[1]: *** [cmTC_37591] Error 1
make[1]: Leaving directory '/home/boocax/UstarService/build/CMakeFiles/CMakeTmp'
Makefile:126: recipe for target 'cmTC_37591/fast' failed
make: *** [cmTC_37591/fast] Error 2


Determining if the include file pgm.h exists failed with the following output:
Change Dir: /home/boocax/UstarService/build/CMakeFiles/CMakeTmp

Run Build Command:"/usr/bin/make" "cmTC_a2838/fast"
/usr/bin/make -f CMakeFiles/cmTC_a2838.dir/build.make CMakeFiles/cmTC_a2838.dir/build
make[1]: Entering directory '/home/boocax/UstarService/build/CMakeFiles/CMakeTmp'
Building CXX object CMakeFiles/cmTC_a2838.dir/CheckIncludeFile.cxx.o
/usr/bin/c++      -o CMakeFiles/cmTC_a2838.dir/CheckIncludeFile.cxx.o -c /home/boocax/UstarService/build/CMakeFiles/CMakeTmp/CheckIncludeFile.cxx
/home/boocax/UstarService/build/CMakeFiles/CMakeTmp/CheckIncludeFile.cxx:1:17: fatal error: pgm.h: 没有那个文件或目录
compilation terminated.
CMakeFiles/cmTC_a2838.dir/build.make:65: recipe for target 'CMakeFiles/cmTC_a2838.dir/CheckIncludeFile.cxx.o' failed
make[1]: *** [CMakeFiles/cmTC_a2838.dir/CheckIncludeFile.cxx.o] Error 1
make[1]: Leaving directory '/home/boocax/UstarService/build/CMakeFiles/CMakeTmp'
Makefile:126: recipe for target 'cmTC_a2838/fast' failed
make: *** [cmTC_a2838/fast] Error 2


