Compiling the C compiler identification source file "CMakeCCompilerId.c" failed.
Compiler: /usr/bin/cc 
Build flags: 
Id flags:  

The output was:
1
/usr/bin/ld: 2: /usr/bin/ld: Syntax error: newline unexpected
collect2: error: ld returned 2 exit status


Compiling the CXX compiler identification source file "CMakeCXXCompilerId.cpp" failed.
Compiler: /usr/bin/c++ 
Build flags: 
Id flags:  

The output was:
1
/usr/bin/ld: 2: /usr/bin/ld: Syntax error: newline unexpected
collect2: error: ld returned 2 exit status


Determining if the C compiler works failed with the following output:
Change Dir: /home/mingo/UStarService/src/ltme_node-master/lib/ldcp_sdk/CMakeFiles/CMakeTmp

Run Build Command:"/usr/bin/make" "cmTC_c661d/fast"
/usr/bin/make -f CMakeFiles/cmTC_c661d.dir/build.make CMakeFiles/cmTC_c661d.dir/build
make[1]: 进入目录“/home/mingo/UStarService/src/ltme_node-master/lib/ldcp_sdk/CMakeFiles/CMakeTmp”
Building C object CMakeFiles/cmTC_c661d.dir/testCCompiler.c.o
/usr/bin/cc    -o CMakeFiles/cmTC_c661d.dir/testCCompiler.c.o   -c /home/mingo/UStarService/src/ltme_node-master/lib/ldcp_sdk/CMakeFiles/CMakeTmp/testCCompiler.c
Linking C executable cmTC_c661d
/usr/bin/cmake -E cmake_link_script CMakeFiles/cmTC_c661d.dir/link.txt --verbose=1
/usr/bin/cc      -rdynamic CMakeFiles/cmTC_c661d.dir/testCCompiler.c.o  -o cmTC_c661d 
/usr/bin/ld: 2: /usr/bin/ld: Syntax error: newline unexpected
collect2: error: ld returned 2 exit status
CMakeFiles/cmTC_c661d.dir/build.make:97: recipe for target 'cmTC_c661d' failed
make[1]: *** [cmTC_c661d] Error 1
make[1]: 离开目录“/home/mingo/UStarService/src/ltme_node-master/lib/ldcp_sdk/CMakeFiles/CMakeTmp”
Makefile:126: recipe for target 'cmTC_c661d/fast' failed
make: *** [cmTC_c661d/fast] Error 2


Compiling the C compiler identification source file "CMakeCCompilerId.c" failed.
Compiler: /usr/bin/cc 
Build flags: 
Id flags:  

The output was:
1
/usr/bin/ld: 2: /usr/bin/ld: Syntax error: newline unexpected
collect2: error: ld returned 2 exit status


Compiling the CXX compiler identification source file "CMakeCXXCompilerId.cpp" failed.
Compiler: /usr/bin/c++ 
Build flags: 
Id flags:  

The output was:
1
/usr/bin/ld: 2: /usr/bin/ld: Syntax error: newline unexpected
collect2: error: ld returned 2 exit status


Determining if the C compiler works failed with the following output:
Change Dir: /home/mingo/UStarService/src/ltme_node-master/lib/ldcp_sdk/CMakeFiles/CMakeTmp

Run Build Command:"/usr/bin/make" "cmTC_a2e19/fast"
/usr/bin/make -f CMakeFiles/cmTC_a2e19.dir/build.make CMakeFiles/cmTC_a2e19.dir/build
make[1]: 进入目录“/home/mingo/UStarService/src/ltme_node-master/lib/ldcp_sdk/CMakeFiles/CMakeTmp”
Building C object CMakeFiles/cmTC_a2e19.dir/testCCompiler.c.o
/usr/bin/cc    -o CMakeFiles/cmTC_a2e19.dir/testCCompiler.c.o   -c /home/mingo/UStarService/src/ltme_node-master/lib/ldcp_sdk/CMakeFiles/CMakeTmp/testCCompiler.c
Linking C executable cmTC_a2e19
/usr/bin/cmake -E cmake_link_script CMakeFiles/cmTC_a2e19.dir/link.txt --verbose=1
/usr/bin/cc      -rdynamic CMakeFiles/cmTC_a2e19.dir/testCCompiler.c.o  -o cmTC_a2e19 
/usr/bin/ld: 2: /usr/bin/ld: Syntax error: newline unexpected
collect2: error: ld returned 2 exit status
CMakeFiles/cmTC_a2e19.dir/build.make:97: recipe for target 'cmTC_a2e19' failed
make[1]: *** [cmTC_a2e19] Error 1
make[1]: 离开目录“/home/mingo/UStarService/src/ltme_node-master/lib/ldcp_sdk/CMakeFiles/CMakeTmp”
Makefile:126: recipe for target 'cmTC_a2e19/fast' failed
make: *** [cmTC_a2e19/fast] Error 2


Compiling the C compiler identification source file "CMakeCCompilerId.c" failed.
Compiler: /usr/bin/cc 
Build flags: 
Id flags:  

The output was:
1
/usr/bin/ld: 2: /usr/bin/ld: Syntax error: newline unexpected
collect2: error: ld returned 2 exit status


Compiling the CXX compiler identification source file "CMakeCXXCompilerId.cpp" failed.
Compiler: /usr/bin/c++ 
Build flags: 
Id flags:  

The output was:
1
/usr/bin/ld: 2: /usr/bin/ld: Syntax error: newline unexpected
collect2: error: ld returned 2 exit status


Determining if the C compiler works failed with the following output:
Change Dir: /home/mingo/UStarService/src/ltme_node-master/lib/ldcp_sdk/CMakeFiles/CMakeTmp

Run Build Command:"/usr/bin/make" "cmTC_9e2b1/fast"
/usr/bin/make -f CMakeFiles/cmTC_9e2b1.dir/build.make CMakeFiles/cmTC_9e2b1.dir/build
make[1]: 进入目录“/home/mingo/UStarService/src/ltme_node-master/lib/ldcp_sdk/CMakeFiles/CMakeTmp”
Building C object CMakeFiles/cmTC_9e2b1.dir/testCCompiler.c.o
/usr/bin/cc    -o CMakeFiles/cmTC_9e2b1.dir/testCCompiler.c.o   -c /home/mingo/UStarService/src/ltme_node-master/lib/ldcp_sdk/CMakeFiles/CMakeTmp/testCCompiler.c
Linking C executable cmTC_9e2b1
/usr/bin/cmake -E cmake_link_script CMakeFiles/cmTC_9e2b1.dir/link.txt --verbose=1
/usr/bin/cc      -rdynamic CMakeFiles/cmTC_9e2b1.dir/testCCompiler.c.o  -o cmTC_9e2b1 
/usr/bin/ld: 2: /usr/bin/ld: Syntax error: newline unexpected
collect2: error: ld returned 2 exit status
CMakeFiles/cmTC_9e2b1.dir/build.make:97: recipe for target 'cmTC_9e2b1' failed
make[1]: *** [cmTC_9e2b1] Error 1
make[1]: 离开目录“/home/mingo/UStarService/src/ltme_node-master/lib/ldcp_sdk/CMakeFiles/CMakeTmp”
Makefile:126: recipe for target 'cmTC_9e2b1/fast' failed
make: *** [cmTC_9e2b1/fast] Error 2


